<?xml version="1.0" encoding="UTF-8"?>
<!-- Generated by org.testng.reporters.JUnitXMLReporter -->
<testsuite hostname="WIN-3QS5O4QR69E" name="CategoriaTest" tests="7" failures="0" timestamp="6 Mar 2017 02:38:15 GMT" time="1.508" errors="0">
  <testcase name="insertar" time="0.423" classname="pe.com.test.CategoriaTest"/>
  <testcase name="timeOut" time="0.911" classname="pe.com.test.CategoriaTest"/>
  <testcase name="insertarDataProvider" time="0.036" classname="pe.com.test.CategoriaTest"/>
  <testcase name="insertarDataProvider" time="0.03" classname="pe.com.test.CategoriaTest"/>
  <testcase name="actualizar" time="0.032" classname="pe.com.test.CategoriaTest"/>
  <testcase name="obtener" time="0.01" classname="pe.com.test.CategoriaTest"/>
  <testcase name="eliminar" time="0.013" classname="pe.com.test.CategoriaTest"/>
</testsuite> <!-- CategoriaTest -->
