<?xml version="1.0" encoding="UTF-8"?>
<!-- Generated by org.testng.reporters.JUnitXMLReporter -->
<testsuite hostname="WIN-3QS5O4QR69E" name="Default test" tests="2" failures="0" timestamp="6 Mar 2017 02:41:00 GMT" time="26.621" errors="0">
  <testcase name="insertarCategoria_FlujoBasico" time="10.302" classname="pe.com.test.seleniumwd.CategoriaWebDriverTest"/>
  <testcase name="insertarCategoria_FlujoAlternativo" time="9.359" classname="pe.com.test.seleniumwd.CategoriaWebDriverTest"/>
</testsuite> <!-- Default test -->
